Build started 2014-09-15 3:23:15 PM.
     1>Project "C:\Users\Jack\documents\visual studio 2012\Projects\Courtship\Courtship\Courtship.vcxproj" on node 2 (Build target(s)).
     1>ClCompile:
         C:\Program Files (x86)\Microsoft Visual Studio 11.0\VC\bin\CL.exe /c /I"C:\Users\Jack\Documents\Visual Studio 2012\Projects\Courtship\include" /ZI /nologo /W3 /WX- /Od /Oy- /D _MBCS /Gm /EHsc /RTC1 /MDd /GS /fp:precise /Zc:wchar_t /Zc:forScope /Fo"Debug\\" /Fd"Debug\vc110.pdb" /Gd /TP /analyze- /errorReport:prompt Person.cpp Relationship.cpp
         Person.cpp
     1>c:\users\jack\documents\visual studio 2012\projects\courtship\courtship\person.h(20): error C2143: syntax error : missing ';' before '<'
     1>c:\users\jack\documents\visual studio 2012\projects\courtship\courtship\person.h(20): error C4430: missing type specifier - int assumed. Note: C++ does not support default-int
     1>c:\users\jack\documents\visual studio 2012\projects\courtship\courtship\person.h(20): error C2238: unexpected token(s) preceding ';'
         Generating Code...
         Compiling...
         Relationship.cpp
         Generating Code...
     1>Done Building Project "C:\Users\Jack\documents\visual studio 2012\Projects\Courtship\Courtship\Courtship.vcxproj" (Build target(s)) -- FAILED.

Build FAILED.

Time Elapsed 00:00:00.42
